<?xml version="1.0" encoding="UTF-8"?>
<testsuite xmlns:xsi="http://www.w3.org/2001/XMLSchema-instance" xsi:noNamespaceSchemaLocation="https://maven.apache.org/surefire/maven-surefire-plugin/xsd/surefire-test-report-3.0.xsd" version="3.0" name="org.argentinaprograma.tema7.PreciosTest" time="0.202" tests="9" errors="0" skipped="0" failures="0">
  <properties>
[...]
</properties>
  <testcase name="costoFinalBienCalculadoUsandoMapeoDescuentoFijo" classname="org.argentinaprograma.tema7.PreciosTest" time="0.141">
    <system-out><![CDATA[Antes armar carrito
Despues armar carrito
Cantidad	Precio Unitario		Producto
--------	---------------		--------
   6		250.6			Oreo
   4		630.6			Mortadela
   8		630.6			Mortadela
   9		133.9			Fideos
   8		630.6			Mortadela
   4		10.5			Jabon
SE USO AFTER. precioFinalTest: 15362.7
]]></system-out>
  </testcase>
  <testcase name="costoFinalBienCalculadoUsandoIterator" classname="org.argentinaprograma.tema7.PreciosTest" time="0.008">
    <system-out><![CDATA[Antes armar carrito
Despues armar carrito
Cantidad	Precio Unitario		Producto
--------	---------------		--------
   9		10.5			Jabon
   2		150.3			Aceite
   7		150.3			Aceite
   2		630.6			Mortadela
   8		250.6			Oreo
   7		150.3			Aceite
SE USO AFTER. precioFinalTest: 5765.3
]]></system-out>
  </testcase>
  <testcase name="costoFinalBienCalculadoUsandoForDescuentoPorcentaje" classname="org.argentinaprograma.tema7.PreciosTest" time="0.008">
    <system-out><![CDATA[Antes armar carrito
Despues armar carrito
Cantidad	Precio Unitario		Producto
--------	---------------		--------
   4		10.5			Jabon
   3		630.6			Mortadela
   3		133.9			Fideos
   6		150.3			Aceite
   8		133.9			Fideos
   2		10.5			Jabon
SE USO AFTER. precioFinalTest: 4329.5
]]></system-out>
  </testcase>
  <testcase name="siAplicaDescuentoConTopeYElDescuentoEsSuperiorAlMaximoPermitidoSeAplicaTopeDeDescuento" classname="org.argentinaprograma.tema7.PreciosTest" time="0.004">
    <system-out><![CDATA[Antes armar carrito
Despues armar carrito
Cantidad	Precio Unitario		Producto
--------	---------------		--------
   1		150.3			Aceite
   10		133.9			Fideos
   5		10.5			Jabon
   6		630.6			Mortadela
   2		250.6			Oreo
   8		150.3			Aceite
SE USO AFTER. precioFinalTest: 7029.0
]]></system-out>
  </testcase>
  <testcase name="costoFinalBienCalculadoUsandoIteratorDescuentoPorcentaje" classname="org.argentinaprograma.tema7.PreciosTest" time="0.004">
    <system-out><![CDATA[Antes armar carrito
Despues armar carrito
Cantidad	Precio Unitario		Producto
--------	---------------		--------
   4		250.6			Oreo
   3		233.6			Leche
   9		233.6			Leche
   10		133.9			Fideos
   1		630.6			Mortadela
   4		150.3			Aceite
SE USO AFTER. precioFinalTest: 6376.4
]]></system-out>
  </testcase>
  <testcase name="costoFinalBienCalculadoUsandoFor" classname="org.argentinaprograma.tema7.PreciosTest" time="0.004">
    <system-out><![CDATA[Antes armar carrito
Despues armar carrito
Cantidad	Precio Unitario		Producto
--------	---------------		--------
   6		133.9			Fideos
   6		10.5			Jabon
   3		10.5			Jabon
   1		630.6			Mortadela
   3		133.9			Fideos
   2		250.6			Oreo
SE USO AFTER. precioFinalTest: 2431.4
]]></system-out>
  </testcase>
  <testcase name="costoFinalBienCalculadoUsandoIteratorDescuentoFijo" classname="org.argentinaprograma.tema7.PreciosTest" time="0.002">
    <system-out><![CDATA[Antes armar carrito
Despues armar carrito
Cantidad	Precio Unitario		Producto
--------	---------------		--------
   9		250.6			Oreo
   8		150.3			Aceite
   5		133.9			Fideos
   1		250.6			Oreo
   2		133.9			Fideos
   7		133.9			Fideos
SE USO AFTER. precioFinalTest: 5583.0
]]></system-out>
  </testcase>
  <testcase name="costoFinalBienCalculadoUsandoMapeo" classname="org.argentinaprograma.tema7.PreciosTest" time="0.005">
    <system-out><![CDATA[Antes armar carrito
Despues armar carrito
Cantidad	Precio Unitario		Producto
--------	---------------		--------
   4		630.6			Mortadela
   1		630.6			Mortadela
   5		630.6			Mortadela
   10		133.9			Fideos
   6		250.6			Oreo
   4		233.6			Leche
SE USO AFTER. precioFinalTest: 10083.0
]]></system-out>
  </testcase>
  <testcase name="siAplicaDescuentoConTopeYElDescuentoEsMenorAlMaximoPermitidoSeAplicaElDescuentoPedido" classname="org.argentinaprograma.tema7.PreciosTest" time="0.004">
    <system-out><![CDATA[Antes armar carrito
Despues armar carrito
Cantidad	Precio Unitario		Producto
--------	---------------		--------
   10		133.9			Fideos
   4		133.9			Fideos
   6		150.3			Aceite
   4		250.6			Oreo
   4		133.9			Fideos
   5		630.6			Mortadela
SE USO AFTER. precioFinalTest: 7467.4
]]></system-out>
  </testcase>
</testsuite>