<?xml version="1.0" encoding="UTF-8"?>
<testsuite xmlns:xsi="http://www.w3.org/2001/XMLSchema-instance" xsi:noNamespaceSchemaLocation="https://maven.apache.org/surefire/maven-surefire-plugin/xsd/surefire-test-report-3.0.xsd" version="3.0" name="org.argentinaprograma.tema7.PreciosTest" time="0.057" tests="9" errors="0" skipped="0" failures="0">
  <properties>
[...]
</properties>
  <testcase name="costoFinalBienCalculadoUsandoMapeoDescuentoFijo" classname="org.argentinaprograma.tema7.PreciosTest" time="0.023">
    <system-out><![CDATA[Antes armar carrito
Despues armar carrito
Cantidad	Precio Unitario		Producto
--------	---------------		--------
   10		10.5			Jabon
   4		150.3			Aceite
   2		630.6			Mortadela
   4		133.9			Fideos
   8		133.9			Fideos
   8		150.3			Aceite
SE USO AFTER. precioFinalTest: 4776.6
]]></system-out>
  </testcase>
  <testcase name="costoFinalBienCalculadoUsandoIterator" classname="org.argentinaprograma.tema7.PreciosTest" time="0.002">
    <system-out><![CDATA[Antes armar carrito
Despues armar carrito
Cantidad	Precio Unitario		Producto
--------	---------------		--------
   1		250.6			Oreo
   2		150.3			Aceite
   3		10.5			Jabon
   7		150.3			Aceite
   9		150.3			Aceite
   10		150.3			Aceite
SE USO AFTER. precioFinalTest: 4490.5
]]></system-out>
  </testcase>
  <testcase name="costoFinalBienCalculadoUsandoForDescuentoPorcentaje" classname="org.argentinaprograma.tema7.PreciosTest" time="0.003">
    <system-out><![CDATA[Antes armar carrito
Despues armar carrito
Cantidad	Precio Unitario		Producto
--------	---------------		--------
   4		150.3			Aceite
   5		630.6			Mortadela
   8		233.6			Leche
   1		150.3			Aceite
   3		250.6			Oreo
   2		250.6			Oreo
SE USO AFTER. precioFinalTest: 7026.3
]]></system-out>
  </testcase>
  <testcase name="siAplicaDescuentoConTopeYElDescuentoEsSuperiorAlMaximoPermitidoSeAplicaTopeDeDescuento" classname="org.argentinaprograma.tema7.PreciosTest" time="0.002">
    <system-out><![CDATA[Antes armar carrito
Despues armar carrito
Cantidad	Precio Unitario		Producto
--------	---------------		--------
   5		10.5			Jabon
   4		250.6			Oreo
   7		133.9			Fideos
   2		250.6			Oreo
   9		133.9			Fideos
   2		233.6			Leche
SE USO AFTER. precioFinalTest: 4165.7
]]></system-out>
  </testcase>
  <testcase name="costoFinalBienCalculadoUsandoIteratorDescuentoPorcentaje" classname="org.argentinaprograma.tema7.PreciosTest" time="0.013">
    <system-out><![CDATA[Antes armar carrito
Despues armar carrito
Cantidad	Precio Unitario		Producto
--------	---------------		--------
   5		133.9			Fideos
   6		133.9			Fideos
   6		133.9			Fideos
   1		250.6			Oreo
   4		133.9			Fideos
   6		150.3			Aceite
SE USO AFTER. precioFinalTest: 3964.3
]]></system-out>
  </testcase>
  <testcase name="costoFinalBienCalculadoUsandoFor" classname="org.argentinaprograma.tema7.PreciosTest" time="0.003">
    <system-out><![CDATA[Antes armar carrito
Despues armar carrito
Cantidad	Precio Unitario		Producto
--------	---------------		--------
   8		10.5			Jabon
   5		630.6			Mortadela
   9		133.9			Fideos
   5		133.9			Fideos
   3		10.5			Jabon
   7		630.6			Mortadela
SE USO AFTER. precioFinalTest: 9557.3
]]></system-out>
  </testcase>
  <testcase name="costoFinalBienCalculadoUsandoIteratorDescuentoFijo" classname="org.argentinaprograma.tema7.PreciosTest" time="0.002">
    <system-out><![CDATA[Antes armar carrito
Despues armar carrito
Cantidad	Precio Unitario		Producto
--------	---------------		--------
   3		150.3			Aceite
   8		133.9			Fideos
   2		250.6			Oreo
   4		630.6			Mortadela
   10		150.3			Aceite
   2		10.5			Jabon
SE USO AFTER. precioFinalTest: 6069.7
]]></system-out>
  </testcase>
  <testcase name="costoFinalBienCalculadoUsandoMapeo" classname="org.argentinaprograma.tema7.PreciosTest" time="0.001">
    <system-out><![CDATA[Antes armar carrito
Despues armar carrito
Cantidad	Precio Unitario		Producto
--------	---------------		--------
   1		630.6			Mortadela
   5		250.6			Oreo
   3		250.6			Oreo
   6		250.6			Oreo
   4		630.6			Mortadela
   4		133.9			Fideos
SE USO AFTER. precioFinalTest: 7197.0
]]></system-out>
  </testcase>
  <testcase name="siAplicaDescuentoConTopeYElDescuentoEsMenorAlMaximoPermitidoSeAplicaElDescuentoPedido" classname="org.argentinaprograma.tema7.PreciosTest" time="0.001">
    <system-out><![CDATA[Antes armar carrito
Despues armar carrito
Cantidad	Precio Unitario		Producto
--------	---------------		--------
   10		150.3			Aceite
   2		150.3			Aceite
   8		133.9			Fideos
   2		250.6			Oreo
   7		630.6			Mortadela
   4		133.9			Fideos
SE USO AFTER. precioFinalTest: 8325.8
]]></system-out>
  </testcase>
</testsuite>